Starting apt-mirror and logging to /var/spool/apt-mirror/var/LOG...
Downloading 14 index files using 14 threads...
Begin time: Sun Jan 26 02:40:05 2025
[14]... [13]... [12]... [11]... [10]... [9]... [8]... [7]... [6]... [5]... [4]... [3]... [2]... [1]... [0]... 
End time: Sun Jan 26 02:40:11 2025

Processing translation indexes: [T]

Downloading 0 translation files using 0 threads...
Begin time: Sun Jan 26 02:40:11 2025
[0]... 
End time: Sun Jan 26 02:40:11 2025

Processing DEP-11 indexes: [D]

Downloading 0 dep11 files using 0 threads...
Begin time: Sun Jan 26 02:40:11 2025
[0]... 
End time: Sun Jan 26 02:40:11 2025

Processing cnf indexes: [C]

Downloading 0 cnf files using 0 threads...
Begin time: Sun Jan 26 02:40:11 2025
[0]... 
End time: Sun Jan 26 02:40:11 2025

Processing indexes: [P]

249.8 MiB will be downloaded into archive.
Downloading 67 archive files using 20 threads...
Begin time: Sun Jan 26 02:40:11 2025
[20]... 